<?xml version="1.0" encoding="UTF-8"?>
<!-- Generated by org.testng.reporters.JUnitReportReporter -->
<testsuite hostname="DEV-LPT331" failures="0" tests="3" name="seleniumConcepts.alertWindow" time="22.675" errors="0" timestamp="2024-01-16T17:44:09 IST" skipped="0">
  <testcase classname="seleniumConcepts.alertWindow" name="alertWindowConfirm" time="8.834"/>
  <testcase classname="seleniumConcepts.alertWindow" name="alertWindowPrompt" time="6.782"/>
  <testcase classname="seleniumConcepts.alertWindow" name="alertWindowHandle" time="7.059"/>
</testsuite> <!-- seleniumConcepts.alertWindow -->
