<?xml version="1.0" encoding="UTF-8"?>
<!-- Generated by org.testng.reporters.JUnitReportReporter -->
<testsuite hostname="DEV-LPT331" failures="0" tests="1" name="seleniumConcepts.DropDownValuesSort" time="6.387" errors="0" timestamp="2024-02-21T10:18:29 IST" skipped="0">
  <testcase classname="seleniumConcepts.DropDownValuesSort" name="ddValuesSort" time="6.387"/>
  <system-out/>
</testsuite> <!-- seleniumConcepts.DropDownValuesSort -->
