<?xml version="1.0" encoding="UTF-8"?>
<!-- Generated by org.testng.reporters.JUnitReportReporter -->
<testsuite hostname="DEV-LPT331" failures="0" tests="1" name="seleniumConcepts.SeleniumPractice" time="5.698" errors="0" timestamp="2024-02-20T22:16:28 IST" skipped="0">
  <testcase classname="seleniumConcepts.SeleniumPractice" name="dropDownValues" time="5.698"/>
  <system-out/>
</testsuite> <!-- seleniumConcepts.SeleniumPractice -->
