<?xml version="1.0" encoding="UTF-8"?>
<!-- Generated by org.testng.reporters.JUnitReportReporter -->
<testsuite hostname="DEV-LPT331" failures="0" tests="1" name="seleniumConcepts.verifyEnabled" time="5.733" errors="0" timestamp="2024-01-08T13:30:05 IST" skipped="0">
  <testcase classname="seleniumConcepts.verifyEnabled" name="verifyButtonEnabled" time="5.733"/>
</testsuite> <!-- seleniumConcepts.verifyEnabled -->
