<?xml version="1.0" encoding="UTF-8"?>
<!-- Generated by org.testng.reporters.JUnitReportReporter -->
<testsuite hostname="DEV-LPT331" failures="0" tests="1" name="seleniumConcepts.verifyErrorMessage" time="14.481" errors="0" timestamp="2024-01-08T11:21:54 IST" skipped="0">
  <testcase classname="seleniumConcepts.verifyErrorMessage" name="invalidLoginErrorMessage" time="14.481"/>
</testsuite> <!-- seleniumConcepts.verifyErrorMessage -->
