<?xml version="1.0" encoding="UTF-8"?>
<!-- Generated by org.testng.reporters.JUnitReportReporter -->
<testsuite hostname="DEV-LPT331" failures="0" tests="1" name="seleniumConcepts.verifyTitle" time="7.913" errors="0" timestamp="2024-01-08T10:29:43 IST" skipped="0">
  <testcase classname="seleniumConcepts.verifyTitle" name="verifyApplicationTitle" time="7.913"/>
</testsuite> <!-- seleniumConcepts.verifyTitle -->
