<?xml version="1.0" encoding="UTF-8"?>
<!-- Generated by org.testng.reporters.JUnitReportReporter -->
<testsuite hostname="DEV-LPT331" failures="0" tests="2" name="seleniumConcepts.dropdownValues" time="3.957" errors="0" timestamp="2024-01-10T20:39:40 IST" skipped="1">
  <testcase classname="seleniumConcepts.dropdownValues" name="verifyDDValuesCount" time="3.957"/>
  <testcase classname="seleniumConcepts.dropdownValues" name="verifyDropdownValues">
    <skipped/>
  </testcase> <!-- verifyDropdownValues -->
</testsuite> <!-- seleniumConcepts.dropdownValues -->
